<?xml version="1.0" encoding="UTF-8"?>
<!-- Generated by org.testng.reporters.JUnitXMLReporter -->
<testsuite ignored="0" hostname="LAPTOP-7UOI14JD" failures="0" tests="3" name="Default test" time="84.346" errors="0" timestamp="2022-09-13T19:39:29 IST">
  <testcase classname="popItems.PopularItemsTest" name="laptoptest" time="14.395"/>
  <testcase classname="popItems.PopularItemsTest" name="spktest" time="17.836"/>
  <testcase classname="popItems.PopularItemsTest" name="tablettest" time="12.285"/>
</testsuite> <!-- Default test -->
