<?xml version="1.0" encoding="UTF-8"?>
<testng-results ignored="0" total="1" passed="1" failed="0" skipped="0">
  <reporter-output>
  </reporter-output>
  <suite started-at="2022-09-06T19:27:34 IST" name="Surefire suite" finished-at="2022-09-06T19:27:34 IST" duration-ms="115">
    <groups>
    </groups>
    <test started-at="2022-09-06T19:27:34 IST" name="Surefire test" finished-at="2022-09-06T19:27:34 IST" duration-ms="115">
      <class name="g.seleniumprojectnew.AppTest">
        <test-method signature="shouldAnswerWithTrue()" started-at="2022-09-06T19:27:34 IST" name="shouldAnswerWithTrue" finished-at="2022-09-06T19:27:34 IST" duration-ms="13" status="PASS">
          <reporter-output>
          </reporter-output>
        </test-method> <!-- shouldAnswerWithTrue -->
      </class> <!-- g.seleniumprojectnew.AppTest -->
    </test> <!-- Surefire test -->
  </suite> <!-- Surefire suite -->
</testng-results>
